2025-06-19 22:13:28,981 INFO com.piltong.modudoc.server.ServerApp [main] ServerApp Starting.
2025-06-19 22:13:28,988 INFO com.piltong.modudoc.server.ServerApp [main] Service Started.
2025-06-19 22:13:28,993 INFO com.piltong.modudoc.server.ServerApp [main] Network handler thread started.
2025-06-19 22:13:29,001 INFO com.piltong.modudoc.server.ServerApp [main] ServerApp initialized successfully on port 4433
2025-06-20 15:22:11,253 INFO com.piltong.modudoc.server.ServerApp [main] ServerApp Initializing.
2025-06-20 15:22:18,603 FATAL com.piltong.modudoc.server.repository.JDBCDocumentRepository [main] DocumentRepostiroy 초기화 실패: DBManager.GetConnection() 실패
com.mysql.cj.jdbc.exceptions.CommunicationsException: Communications link failure

The last packet sent successfully to the server was 0 milliseconds ago. The driver has not received any packets from the server.
	at com.mysql.cj.jdbc.exceptions.SQLError.createCommunicationsException(SQLError.java:175) ~[mysql-connector-j-8.0.33.jar:8.0.33]
	at com.mysql.cj.jdbc.exceptions.SQLExceptionsMapping.translateException(SQLExceptionsMapping.java:64) ~[mysql-connector-j-8.0.33.jar:8.0.33]
	at com.mysql.cj.jdbc.ConnectionImpl.createNewIO(ConnectionImpl.java:825) ~[mysql-connector-j-8.0.33.jar:8.0.33]
	at com.mysql.cj.jdbc.ConnectionImpl.<init>(ConnectionImpl.java:446) ~[mysql-connector-j-8.0.33.jar:8.0.33]
	at com.mysql.cj.jdbc.ConnectionImpl.getInstance(ConnectionImpl.java:239) ~[mysql-connector-j-8.0.33.jar:8.0.33]
	at com.mysql.cj.jdbc.NonRegisteringDriver.connect(NonRegisteringDriver.java:188) ~[mysql-connector-j-8.0.33.jar:8.0.33]
	at java.sql.DriverManager.getConnection(DriverManager.java:683) ~[java.sql:?]
	at java.sql.DriverManager.getConnection(DriverManager.java:230) ~[java.sql:?]
	at com.piltong.modudoc.server.repository.DBManager.getConnection(DBManager.java:21) ~[main/:?]
	at com.piltong.modudoc.server.repository.JDBCDocumentRepository.<init>(JDBCDocumentRepository.java:33) [main/:?]
	at com.piltong.modudoc.server.ServerApp.main(ServerApp.java:37) [main/:?]
Caused by: com.mysql.cj.exceptions.CJCommunicationsException: Communications link failure

The last packet sent successfully to the server was 0 milliseconds ago. The driver has not received any packets from the server.
	at jdk.internal.reflect.DirectConstructorHandleAccessor.newInstance(DirectConstructorHandleAccessor.java:62) ~[?:?]
	at java.lang.reflect.Constructor.newInstanceWithCaller(Constructor.java:502) ~[?:?]
	at java.lang.reflect.Constructor.newInstance(Constructor.java:486) ~[?:?]
	at com.mysql.cj.exceptions.ExceptionFactory.createException(ExceptionFactory.java:62) ~[mysql-connector-j-8.0.33.jar:8.0.33]
	at com.mysql.cj.exceptions.ExceptionFactory.createException(ExceptionFactory.java:105) ~[mysql-connector-j-8.0.33.jar:8.0.33]
	at com.mysql.cj.exceptions.ExceptionFactory.createException(ExceptionFactory.java:150) ~[mysql-connector-j-8.0.33.jar:8.0.33]
	at com.mysql.cj.exceptions.ExceptionFactory.createCommunicationsException(ExceptionFactory.java:166) ~[mysql-connector-j-8.0.33.jar:8.0.33]
	at com.mysql.cj.protocol.a.NativeSocketConnection.connect(NativeSocketConnection.java:89) ~[mysql-connector-j-8.0.33.jar:8.0.33]
	at com.mysql.cj.NativeSession.connect(NativeSession.java:121) ~[mysql-connector-j-8.0.33.jar:8.0.33]
	at com.mysql.cj.jdbc.ConnectionImpl.connectOneTryOnly(ConnectionImpl.java:945) ~[mysql-connector-j-8.0.33.jar:8.0.33]
	at com.mysql.cj.jdbc.ConnectionImpl.createNewIO(ConnectionImpl.java:815) ~[mysql-connector-j-8.0.33.jar:8.0.33]
	... 8 more
Caused by: java.net.UnknownHostException: 알려진 호스트가 없습니다 (modudoc_mysql)
	at java.net.Inet6AddressImpl.lookupAllHostAddr(Native Method) ~[?:?]
	at java.net.Inet6AddressImpl.lookupAllHostAddr(Inet6AddressImpl.java:52) ~[?:?]
	at java.net.InetAddress$PlatformResolver.lookupByName(InetAddress.java:1211) ~[?:?]
	at java.net.InetAddress.getAddressesFromNameService(InetAddress.java:1828) ~[?:?]
	at java.net.InetAddress$NameServiceAddresses.get(InetAddress.java:1139) ~[?:?]
	at java.net.InetAddress.getAllByName0(InetAddress.java:1818) ~[?:?]
	at java.net.InetAddress.getAllByName(InetAddress.java:1688) ~[?:?]
	at com.mysql.cj.protocol.StandardSocketFactory.connect(StandardSocketFactory.java:130) ~[mysql-connector-j-8.0.33.jar:8.0.33]
	at com.mysql.cj.protocol.a.NativeSocketConnection.connect(NativeSocketConnection.java:63) ~[mysql-connector-j-8.0.33.jar:8.0.33]
	at com.mysql.cj.NativeSession.connect(NativeSession.java:121) ~[mysql-connector-j-8.0.33.jar:8.0.33]
	at com.mysql.cj.jdbc.ConnectionImpl.connectOneTryOnly(ConnectionImpl.java:945) ~[mysql-connector-j-8.0.33.jar:8.0.33]
	at com.mysql.cj.jdbc.ConnectionImpl.createNewIO(ConnectionImpl.java:815) ~[mysql-connector-j-8.0.33.jar:8.0.33]
	... 8 more
2025-06-20 15:22:18,616 ERROR com.piltong.modudoc.server.ServerApp [main] Error while Executing Service : 
java.lang.RuntimeException: DocumentRepostiroy 초기화 실패: DBManager.GetConnection() 실패
	at com.piltong.modudoc.server.repository.JDBCDocumentRepository.<init>(JDBCDocumentRepository.java:37) ~[main/:?]
	at com.piltong.modudoc.server.ServerApp.main(ServerApp.java:37) [main/:?]
Caused by: com.mysql.cj.jdbc.exceptions.CommunicationsException: Communications link failure

The last packet sent successfully to the server was 0 milliseconds ago. The driver has not received any packets from the server.
	at com.mysql.cj.jdbc.exceptions.SQLError.createCommunicationsException(SQLError.java:175) ~[mysql-connector-j-8.0.33.jar:8.0.33]
	at com.mysql.cj.jdbc.exceptions.SQLExceptionsMapping.translateException(SQLExceptionsMapping.java:64) ~[mysql-connector-j-8.0.33.jar:8.0.33]
	at com.mysql.cj.jdbc.ConnectionImpl.createNewIO(ConnectionImpl.java:825) ~[mysql-connector-j-8.0.33.jar:8.0.33]
	at com.mysql.cj.jdbc.ConnectionImpl.<init>(ConnectionImpl.java:446) ~[mysql-connector-j-8.0.33.jar:8.0.33]
	at com.mysql.cj.jdbc.ConnectionImpl.getInstance(ConnectionImpl.java:239) ~[mysql-connector-j-8.0.33.jar:8.0.33]
	at com.mysql.cj.jdbc.NonRegisteringDriver.connect(NonRegisteringDriver.java:188) ~[mysql-connector-j-8.0.33.jar:8.0.33]
	at java.sql.DriverManager.getConnection(DriverManager.java:683) ~[java.sql:?]
	at java.sql.DriverManager.getConnection(DriverManager.java:230) ~[java.sql:?]
	at com.piltong.modudoc.server.repository.DBManager.getConnection(DBManager.java:21) ~[main/:?]
	at com.piltong.modudoc.server.repository.JDBCDocumentRepository.<init>(JDBCDocumentRepository.java:33) ~[main/:?]
	... 1 more
Caused by: com.mysql.cj.exceptions.CJCommunicationsException: Communications link failure

The last packet sent successfully to the server was 0 milliseconds ago. The driver has not received any packets from the server.
	at jdk.internal.reflect.DirectConstructorHandleAccessor.newInstance(DirectConstructorHandleAccessor.java:62) ~[?:?]
	at java.lang.reflect.Constructor.newInstanceWithCaller(Constructor.java:502) ~[?:?]
	at java.lang.reflect.Constructor.newInstance(Constructor.java:486) ~[?:?]
	at com.mysql.cj.exceptions.ExceptionFactory.createException(ExceptionFactory.java:62) ~[mysql-connector-j-8.0.33.jar:8.0.33]
	at com.mysql.cj.exceptions.ExceptionFactory.createException(ExceptionFactory.java:105) ~[mysql-connector-j-8.0.33.jar:8.0.33]
	at com.mysql.cj.exceptions.ExceptionFactory.createException(ExceptionFactory.java:150) ~[mysql-connector-j-8.0.33.jar:8.0.33]
	at com.mysql.cj.exceptions.ExceptionFactory.createCommunicationsException(ExceptionFactory.java:166) ~[mysql-connector-j-8.0.33.jar:8.0.33]
	at com.mysql.cj.protocol.a.NativeSocketConnection.connect(NativeSocketConnection.java:89) ~[mysql-connector-j-8.0.33.jar:8.0.33]
	at com.mysql.cj.NativeSession.connect(NativeSession.java:121) ~[mysql-connector-j-8.0.33.jar:8.0.33]
	at com.mysql.cj.jdbc.ConnectionImpl.connectOneTryOnly(ConnectionImpl.java:945) ~[mysql-connector-j-8.0.33.jar:8.0.33]
	at com.mysql.cj.jdbc.ConnectionImpl.createNewIO(ConnectionImpl.java:815) ~[mysql-connector-j-8.0.33.jar:8.0.33]
	at com.mysql.cj.jdbc.ConnectionImpl.<init>(ConnectionImpl.java:446) ~[mysql-connector-j-8.0.33.jar:8.0.33]
	at com.mysql.cj.jdbc.ConnectionImpl.getInstance(ConnectionImpl.java:239) ~[mysql-connector-j-8.0.33.jar:8.0.33]
	at com.mysql.cj.jdbc.NonRegisteringDriver.connect(NonRegisteringDriver.java:188) ~[mysql-connector-j-8.0.33.jar:8.0.33]
	at java.sql.DriverManager.getConnection(DriverManager.java:683) ~[java.sql:?]
	at java.sql.DriverManager.getConnection(DriverManager.java:230) ~[java.sql:?]
	at com.piltong.modudoc.server.repository.DBManager.getConnection(DBManager.java:21) ~[main/:?]
	at com.piltong.modudoc.server.repository.JDBCDocumentRepository.<init>(JDBCDocumentRepository.java:33) ~[main/:?]
	... 1 more
Caused by: java.net.UnknownHostException: 알려진 호스트가 없습니다 (modudoc_mysql)
	at java.net.Inet6AddressImpl.lookupAllHostAddr(Native Method) ~[?:?]
	at java.net.Inet6AddressImpl.lookupAllHostAddr(Inet6AddressImpl.java:52) ~[?:?]
	at java.net.InetAddress$PlatformResolver.lookupByName(InetAddress.java:1211) ~[?:?]
	at java.net.InetAddress.getAddressesFromNameService(InetAddress.java:1828) ~[?:?]
	at java.net.InetAddress$NameServiceAddresses.get(InetAddress.java:1139) ~[?:?]
	at java.net.InetAddress.getAllByName0(InetAddress.java:1818) ~[?:?]
	at java.net.InetAddress.getAllByName(InetAddress.java:1688) ~[?:?]
	at com.mysql.cj.protocol.StandardSocketFactory.connect(StandardSocketFactory.java:130) ~[mysql-connector-j-8.0.33.jar:8.0.33]
	at com.mysql.cj.protocol.a.NativeSocketConnection.connect(NativeSocketConnection.java:63) ~[mysql-connector-j-8.0.33.jar:8.0.33]
	at com.mysql.cj.NativeSession.connect(NativeSession.java:121) ~[mysql-connector-j-8.0.33.jar:8.0.33]
	at com.mysql.cj.jdbc.ConnectionImpl.connectOneTryOnly(ConnectionImpl.java:945) ~[mysql-connector-j-8.0.33.jar:8.0.33]
	at com.mysql.cj.jdbc.ConnectionImpl.createNewIO(ConnectionImpl.java:815) ~[mysql-connector-j-8.0.33.jar:8.0.33]
	at com.mysql.cj.jdbc.ConnectionImpl.<init>(ConnectionImpl.java:446) ~[mysql-connector-j-8.0.33.jar:8.0.33]
	at com.mysql.cj.jdbc.ConnectionImpl.getInstance(ConnectionImpl.java:239) ~[mysql-connector-j-8.0.33.jar:8.0.33]
	at com.mysql.cj.jdbc.NonRegisteringDriver.connect(NonRegisteringDriver.java:188) ~[mysql-connector-j-8.0.33.jar:8.0.33]
	at java.sql.DriverManager.getConnection(DriverManager.java:683) ~[java.sql:?]
	at java.sql.DriverManager.getConnection(DriverManager.java:230) ~[java.sql:?]
	at com.piltong.modudoc.server.repository.DBManager.getConnection(DBManager.java:21) ~[main/:?]
	at com.piltong.modudoc.server.repository.JDBCDocumentRepository.<init>(JDBCDocumentRepository.java:33) ~[main/:?]
	... 1 more
2025-06-20 15:35:17,455 INFO com.piltong.modudoc.server.ServerApp [main] ServerApp Initializing.
2025-06-20 15:35:17,459 INFO com.piltong.modudoc.server.ServerApp [main] Service started.
2025-06-20 15:35:17,466 INFO com.piltong.modudoc.server.ServerApp [main] Network handler started.
2025-06-20 15:35:17,473 INFO com.piltong.modudoc.server.ServerApp [main] ServerApp successfully initialized on port 4433
2025-06-20 15:53:18,286 INFO com.piltong.modudoc.server.ServerApp [main] ServerApp Initializing.
2025-06-20 15:53:18,291 INFO com.piltong.modudoc.server.ServerApp [main] Service started.
2025-06-20 15:53:18,296 INFO com.piltong.modudoc.server.ServerApp [main] Network handler started.
2025-06-20 15:53:18,303 INFO com.piltong.modudoc.server.ServerApp [main] ServerApp successfully initialized on port 4433
2025-06-20 16:45:46,397 INFO com.piltong.modudoc.server.ServerApp [main] ServerApp Initializing.
2025-06-20 16:45:46,406 INFO com.piltong.modudoc.server.ServerApp [main] Service started.
2025-06-20 16:45:46,412 INFO com.piltong.modudoc.server.ServerApp [main] Network handler started.
2025-06-20 16:45:46,421 INFO com.piltong.modudoc.server.ServerApp [main] ServerApp successfully initialized on port 4433
2025-06-20 16:47:33,942 INFO com.piltong.modudoc.server.ServerApp [main] ServerApp Initializing.
2025-06-20 16:47:33,954 INFO com.piltong.modudoc.server.ServerApp [main] Service started.
2025-06-20 16:47:33,965 INFO com.piltong.modudoc.server.ServerApp [main] Network handler started.
2025-06-20 16:47:33,986 INFO com.piltong.modudoc.server.ServerApp [main] ServerApp successfully initialized on port 4433
2025-06-20 16:48:38,894 INFO com.piltong.modudoc.server.ServerApp [main] ServerApp Initializing.
2025-06-20 16:48:38,900 INFO com.piltong.modudoc.server.ServerApp [main] Service started.
2025-06-20 16:48:38,907 INFO com.piltong.modudoc.server.ServerApp [main] Network handler started.
2025-06-20 16:48:38,921 INFO com.piltong.modudoc.server.ServerApp [main] ServerApp successfully initialized on port 4433
2025-06-20 16:50:46,580 INFO com.piltong.modudoc.server.ServerApp [main] ServerApp Initializing.
2025-06-20 16:50:46,589 INFO com.piltong.modudoc.server.ServerApp [main] Service started.
2025-06-20 16:50:46,596 INFO com.piltong.modudoc.server.ServerApp [main] Network handler started.
2025-06-20 16:50:46,608 INFO com.piltong.modudoc.server.ServerApp [main] ServerApp successfully initialized on port 4433
